<?xml version="1.0" encoding="UTF-8"?>
<testsuite xmlns:xsi="http://www.w3.org/2001/XMLSchema-instance" xsi:noNamespaceSchemaLocation="https://maven.apache.org/surefire/maven-surefire-plugin/xsd/surefire-test-report-3.0.xsd" version="3.0" name="com.sanchit.WeatherApp.WeatherAppApplicationTests" time="2.88" tests="1" errors="0" skipped="0" failures="0">
  <properties>
[...]
</properties>
  <testcase name="contextLoads" classname="com.sanchit.WeatherApp.WeatherAppApplicationTests" time="0.865">
    <system-out><![CDATA[Standard Commons Logging discovery in action with spring-jcl: please remove commons-logging.jar from classpath in order to avoid potential conflicts
00:49:27.676 [main] INFO org.springframework.test.context.support.AnnotationConfigContextLoaderUtils -- Could not detect default configuration classes for test class [com.sanchit.WeatherApp.WeatherAppApplicationTests]: WeatherAppApplicationTests does not declare any static, non-private, non-final, nested classes annotated with @Configuration.
00:49:27.777 [main] INFO org.springframework.boot.test.context.SpringBootTestContextBootstrapper -- Found @SpringBootConfiguration com.sanchit.WeatherApp.WeatherAppApplication for test class com.sanchit.WeatherApp.WeatherAppApplicationTests
00:49:27.965 [main] INFO org.springframework.boot.devtools.restart.RestartApplicationListener -- Restart disabled due to context in which it is running

  .   ____          _            __ _ _
 /\\ / ___'_ __ _ _(_)_ __  __ _ \ \ \ \
( ( )\___ | '_ | '_| | '_ \/ _` | \ \ \ \
 \\/  ___)| |_)| | | | | || (_| |  ) ) ) )
  '  |____| .__|_| |_|_| |_\__, | / / / /
 =========|_|==============|___/=/_/_/_/

 :: Spring Boot ::                (v3.3.7)

2025-05-18T00:49:28.201+05:30  INFO 5408 --- [WeatherApp] [           main] c.s.W.WeatherAppApplicationTests         : Starting WeatherAppApplicationTests using Java 17.0.10 with PID 5408 (started by sanch in C:\Users\sanch\Downloads\WeatherApp\WeatherApp)
2025-05-18T00:49:28.204+05:30  INFO 5408 --- [WeatherApp] [           main] c.s.W.WeatherAppApplicationTests         : No active profile set, falling back to 1 default profile: "default"
2025-05-18T00:49:29.183+05:30  INFO 5408 --- [WeatherApp] [           main] o.s.b.a.w.s.WelcomePageHandlerMapping    : Adding welcome page template: index
2025-05-18T00:49:29.525+05:30  INFO 5408 --- [WeatherApp] [           main] c.s.W.WeatherAppApplicationTests         : Started WeatherAppApplicationTests in 1.58 seconds (process running for 2.52)
]]></system-out>
  </testcase>
</testsuite>